E, [2018-01-01T16:15:04.140715 #4467] ERROR -- Kitchen: ------Exception-------
E, [2018-01-01T16:15:04.140776 #4467] ERROR -- Kitchen: Class: Kitchen::UserError
E, [2018-01-01T16:15:04.140794 #4467] ERROR -- Kitchen: Message: Kitchen YAML file /root/learn-chef/cookbooks/learn_chef_apache2/recipes/.kitchen.yml does not exist.
E, [2018-01-01T16:15:04.140808 #4467] ERROR -- Kitchen: ----------------------
E, [2018-01-01T16:15:04.140818 #4467] ERROR -- Kitchen: ------Backtrace-------
E, [2018-01-01T16:15:04.140828 #4467] ERROR -- Kitchen: /opt/chefdk/embedded/lib/ruby/gems/2.4.0/gems/test-kitchen-1.19.2/lib/kitchen/loader/yaml.rb:65:in `read'
E, [2018-01-01T16:15:04.140838 #4467] ERROR -- Kitchen: /opt/chefdk/embedded/lib/ruby/gems/2.4.0/gems/test-kitchen-1.19.2/lib/kitchen/config.rb:152:in `data'
E, [2018-01-01T16:15:04.140848 #4467] ERROR -- Kitchen: /opt/chefdk/embedded/lib/ruby/gems/2.4.0/gems/test-kitchen-1.19.2/lib/kitchen/config.rb:131:in `suites'
E, [2018-01-01T16:15:04.140859 #4467] ERROR -- Kitchen: /opt/chefdk/embedded/lib/ruby/gems/2.4.0/gems/test-kitchen-1.19.2/lib/kitchen/config.rb:182:in `filter_instances'
E, [2018-01-01T16:15:04.140868 #4467] ERROR -- Kitchen: /opt/chefdk/embedded/lib/ruby/gems/2.4.0/gems/test-kitchen-1.19.2/lib/kitchen/config.rb:141:in `build_instances'
E, [2018-01-01T16:15:04.140879 #4467] ERROR -- Kitchen: /opt/chefdk/embedded/lib/ruby/gems/2.4.0/gems/test-kitchen-1.19.2/lib/kitchen/config.rb:117:in `instances'
E, [2018-01-01T16:15:04.140891 #4467] ERROR -- Kitchen: /opt/chefdk/embedded/lib/ruby/gems/2.4.0/gems/test-kitchen-1.19.2/lib/kitchen/command.rb:112:in `filtered_instances'
E, [2018-01-01T16:15:04.140901 #4467] ERROR -- Kitchen: /opt/chefdk/embedded/lib/ruby/gems/2.4.0/gems/test-kitchen-1.19.2/lib/kitchen/command.rb:142:in `parse_subcommand'
E, [2018-01-01T16:15:04.140911 #4467] ERROR -- Kitchen: /opt/chefdk/embedded/lib/ruby/gems/2.4.0/gems/test-kitchen-1.19.2/lib/kitchen/command/list.rb:30:in `call'
E, [2018-01-01T16:15:04.140927 #4467] ERROR -- Kitchen: /opt/chefdk/embedded/lib/ruby/gems/2.4.0/gems/test-kitchen-1.19.2/lib/kitchen/cli.rb:52:in `perform'
E, [2018-01-01T16:15:04.140943 #4467] ERROR -- Kitchen: /opt/chefdk/embedded/lib/ruby/gems/2.4.0/gems/test-kitchen-1.19.2/lib/kitchen/cli.rb:120:in `list'
E, [2018-01-01T16:15:04.140959 #4467] ERROR -- Kitchen: /opt/chefdk/embedded/lib/ruby/gems/2.4.0/gems/thor-0.19.1/lib/thor/command.rb:27:in `run'
E, [2018-01-01T16:15:04.140974 #4467] ERROR -- Kitchen: /opt/chefdk/embedded/lib/ruby/gems/2.4.0/gems/thor-0.19.1/lib/thor/invocation.rb:126:in `invoke_command'
E, [2018-01-01T16:15:04.140991 #4467] ERROR -- Kitchen: /opt/chefdk/embedded/lib/ruby/gems/2.4.0/gems/thor-0.19.1/lib/thor.rb:359:in `dispatch'
E, [2018-01-01T16:15:04.141007 #4467] ERROR -- Kitchen: /opt/chefdk/embedded/lib/ruby/gems/2.4.0/gems/thor-0.19.1/lib/thor/base.rb:440:in `start'
E, [2018-01-01T16:15:04.141023 #4467] ERROR -- Kitchen: /opt/chefdk/embedded/lib/ruby/gems/2.4.0/gems/test-kitchen-1.19.2/bin/kitchen:13:in `block in <top (required)>'
E, [2018-01-01T16:15:04.141040 #4467] ERROR -- Kitchen: /opt/chefdk/embedded/lib/ruby/gems/2.4.0/gems/test-kitchen-1.19.2/lib/kitchen/errors.rb:171:in `with_friendly_errors'
E, [2018-01-01T16:15:04.141057 #4467] ERROR -- Kitchen: /opt/chefdk/embedded/lib/ruby/gems/2.4.0/gems/test-kitchen-1.19.2/bin/kitchen:13:in `<top (required)>'
E, [2018-01-01T16:15:04.141068 #4467] ERROR -- Kitchen: /usr/bin/kitchen:255:in `load'
E, [2018-01-01T16:15:04.141077 #4467] ERROR -- Kitchen: /usr/bin/kitchen:255:in `<main>'
E, [2018-01-01T16:15:04.141087 #4467] ERROR -- Kitchen: ----End Backtrace-----
